<?xml version="1.0" encoding="UTF-8"?>
<coverage generated="1719827728676" clover="3.2.0">
  <project timestamp="1719827728676" name="All files">
    <metrics statements="27" coveredstatements="26" conditionals="13" coveredconditionals="12" methods="4" coveredmethods="4" elements="44" coveredelements="42" complexity="0" loc="27" ncloc="27" packages="2" files="3" classes="3"/>
    <package name="Algorithms">
      <metrics statements="23" coveredstatements="22" conditionals="13" coveredconditionals="12" methods="4" coveredmethods="4"/>
      <file name="algo.js" path="/Users/carita/Desktop/Rad5 assessment/Algorithms/algo.js">
        <metrics statements="23" coveredstatements="22" conditionals="13" coveredconditionals="12" methods="4" coveredmethods="4"/>
        <line num="2" count="3" type="stmt"/>
        <line num="4" count="3" type="stmt"/>
        <line num="6" count="3" type="stmt"/>
        <line num="7" count="9" type="stmt"/>
        <line num="8" count="9" type="stmt"/>
        <line num="11" count="3" type="stmt"/>
        <line num="17" count="5" type="stmt"/>
        <line num="19" count="5" type="stmt"/>
        <line num="20" count="10" type="stmt"/>
        <line num="22" count="10" type="cond" truecount="4" falsecount="0"/>
        <line num="23" count="3" type="stmt"/>
        <line num="27" count="5" type="stmt"/>
        <line num="33" count="3" type="stmt"/>
        <line num="34" count="3" type="cond" truecount="2" falsecount="0"/>
        <line num="35" count="1" type="stmt"/>
        <line num="38" count="2" type="stmt"/>
        <line num="54" count="5" type="stmt"/>
        <line num="57" count="5" type="cond" truecount="1" falsecount="1"/>
        <line num="58" count="0" type="stmt"/>
        <line num="60" count="5" type="stmt"/>
        <line num="63" count="5" type="cond" truecount="5" falsecount="0"/>
        <line num="64" count="2" type="stmt"/>
        <line num="66" count="3" type="stmt"/>
      </file>
    </package>
    <package name="models">
      <metrics statements="4" coveredstatements="4" conditionals="0" coveredconditionals="0" methods="0" coveredmethods="0"/>
      <file name="todo.js" path="/Users/carita/Desktop/Rad5 assessment/models/todo.js">
        <metrics statements="2" coveredstatements="2" conditionals="0" coveredconditionals="0" methods="0" coveredmethods="0"/>
        <line num="3" count="1" type="stmt"/>
        <line num="26" count="1" type="stmt"/>
      </file>
      <file name="user.js" path="/Users/carita/Desktop/Rad5 assessment/models/user.js">
        <metrics statements="2" coveredstatements="2" conditionals="0" coveredconditionals="0" methods="0" coveredmethods="0"/>
        <line num="4" count="1" type="stmt"/>
        <line num="29" count="1" type="stmt"/>
      </file>
    </package>
  </project>
</coverage>
