{"/Users/carita/Desktop/Rad5-assessment/index.js": {"path":"/Users/carita/Desktop/Rad5-assessment/index.js","statementMap":{"0":{"start":{"line":15,"column":0},"end":{"line":15,"column":16}},"1":{"start":{"line":17,"column":12},"end":{"line":17,"column":21}},"2":{"start":{"line":19,"column":0},"end":{"line":19,"column":23}},"3":{"start":{"line":20,"column":0},"end":{"line":20,"column":16}},"4":{"start":{"line":21,"column":0},"end":{"line":21,"column":24}},"5":{"start":{"line":22,"column":0},"end":{"line":22,"column":49}},"6":{"start":{"line":23,"column":0},"end":{"line":23,"column":24}},"7":{"start":{"line":24,"column":0},"end":{"line":24,"column":27}},"8":{"start":{"line":26,"column":0},"end":{"line":28,"column":3}},"9":{"start":{"line":27,"column":2},"end":{"line":27,"column":33}},"10":{"start":{"line":30,"column":0},"end":{"line":30,"column":29}},"11":{"start":{"line":31,"column":0},"end":{"line":31,"column":25}},"12":{"start":{"line":32,"column":0},"end":{"line":32,"column":31}},"13":{"start":{"line":33,"column":0},"end":{"line":33,"column":27}},"14":{"start":{"line":35,"column":0},"end":{"line":37,"column":3}},"15":{"start":{"line":36,"column":2},"end":{"line":36,"column":25}}},"fnMap":{"0":{"name":"(anonymous_0)","decl":{"start":{"line":26,"column":13},"end":{"line":26,"column":14}},"loc":{"start":{"line":26,"column":27},"end":{"line":28,"column":1}},"line":26},"1":{"name":"(anonymous_1)","decl":{"start":{"line":35,"column":8},"end":{"line":35,"column":9}},"loc":{"start":{"line":35,"column":34},"end":{"line":37,"column":1}},"line":35}},"branchMap":{},"s":{"0":3,"1":3,"2":3,"3":3,"4":3,"5":3,"6":3,"7":3,"8":3,"9":0,"10":3,"11":3,"12":3,"13":3,"14":3,"15":12},"f":{"0":0,"1":12},"b":{},"inputSourceMap":null,"_coverageSchema":"1a1c01bbd47fc00a2c39e90264f33305004495a9","hash":"6b5688b46373d2fb96eb776097fc032357aa1f4a"}
,"/Users/carita/Desktop/Rad5-assessment/Algorithms/algo.js": {"path":"/Users/carita/Desktop/Rad5-assessment/Algorithms/algo.js","statementMap":{"0":{"start":{"line":2,"column":12},"end":{"line":2,"column":13}},"1":{"start":{"line":4,"column":19},"end":{"line":4,"column":31}},"2":{"start":{"line":6,"column":2},"end":{"line":9,"column":3}},"3":{"start":{"line":6,"column":15},"end":{"line":6,"column":16}},"4":{"start":{"line":7,"column":18},"end":{"line":7,"column":43}},"5":{"start":{"line":8,"column":4},"end":{"line":8,"column":17}},"6":{"start":{"line":11,"column":2},"end":{"line":11,"column":13}},"7":{"start":{"line":17,"column":18},"end":{"line":17,"column":19}},"8":{"start":{"line":19,"column":2},"end":{"line":25,"column":3}},"9":{"start":{"line":19,"column":15},"end":{"line":19,"column":16}},"10":{"start":{"line":20,"column":4},"end":{"line":20,"column":16}},"11":{"start":{"line":22,"column":4},"end":{"line":24,"column":5}},"12":{"start":{"line":23,"column":6},"end":{"line":23,"column":10}},"13":{"start":{"line":27,"column":2},"end":{"line":27,"column":19}},"14":{"start":{"line":33,"column":16},"end":{"line":33,"column":37}},"15":{"start":{"line":34,"column":2},"end":{"line":36,"column":3}},"16":{"start":{"line":35,"column":4},"end":{"line":35,"column":41}},"17":{"start":{"line":38,"column":2},"end":{"line":38,"column":20}},"18":{"start":{"line":54,"column":18},"end":{"line":54,"column":29}},"19":{"start":{"line":55,"column":15},"end":{"line":55,"column":20}},"20":{"start":{"line":57,"column":2},"end":{"line":61,"column":3}},"21":{"start":{"line":58,"column":4},"end":{"line":58,"column":34}},"22":{"start":{"line":60,"column":4},"end":{"line":60,"column":20}},"23":{"start":{"line":63,"column":2},"end":{"line":67,"column":3}},"24":{"start":{"line":64,"column":4},"end":{"line":64,"column":17}},"25":{"start":{"line":66,"column":4},"end":{"line":66,"column":16}},"26":{"start":{"line":73,"column":2},"end":{"line":75,"column":3}},"27":{"start":{"line":74,"column":4},"end":{"line":74,"column":47}},"28":{"start":{"line":76,"column":2},"end":{"line":78,"column":3}},"29":{"start":{"line":77,"column":4},"end":{"line":77,"column":48}},"30":{"start":{"line":79,"column":16},"end":{"line":79,"column":41}},"31":{"start":{"line":81,"column":2},"end":{"line":88,"column":3}},"32":{"start":{"line":81,"column":15},"end":{"line":81,"column":33}},"33":{"start":{"line":82,"column":4},"end":{"line":87,"column":5}},"34":{"start":{"line":83,"column":6},"end":{"line":83,"column":22}},"35":{"start":{"line":84,"column":6},"end":{"line":86,"column":7}},"36":{"start":{"line":85,"column":8},"end":{"line":85,"column":24}},"37":{"start":{"line":90,"column":18},"end":{"line":90,"column":49}},"38":{"start":{"line":90,"column":43},"end":{"line":90,"column":48}},"39":{"start":{"line":92,"column":2},"end":{"line":92,"column":49}}},"fnMap":{"0":{"name":"sumOfDigits","decl":{"start":{"line":1,"column":16},"end":{"line":1,"column":27}},"loc":{"start":{"line":1,"column":31},"end":{"line":12,"column":1}},"line":1},"1":{"name":"minCost","decl":{"start":{"line":16,"column":16},"end":{"line":16,"column":23}},"loc":{"start":{"line":16,"column":32},"end":{"line":28,"column":1}},"line":16},"2":{"name":"luckyLetter","decl":{"start":{"line":32,"column":16},"end":{"line":32,"column":27}},"loc":{"start":{"line":32,"column":37},"end":{"line":39,"column":1}},"line":32},"3":{"name":"isCountCorrect","decl":{"start":{"line":53,"column":16},"end":{"line":53,"column":30}},"loc":{"start":{"line":53,"column":40},"end":{"line":68,"column":1}},"line":53},"4":{"name":"validCard","decl":{"start":{"line":72,"column":16},"end":{"line":72,"column":25}},"loc":{"start":{"line":72,"column":31},"end":{"line":93,"column":1}},"line":72},"5":{"name":"(anonymous_5)","decl":{"start":{"line":90,"column":33},"end":{"line":90,"column":34}},"loc":{"start":{"line":90,"column":43},"end":{"line":90,"column":48}},"line":90}},"branchMap":{"0":{"loc":{"start":{"line":22,"column":4},"end":{"line":24,"column":5}},"type":"if","locations":[{"start":{"line":22,"column":4},"end":{"line":24,"column":5}},{"start":{},"end":{}}],"line":22},"1":{"loc":{"start":{"line":22,"column":8},"end":{"line":22,"column":59}},"type":"binary-expr","locations":[{"start":{"line":22,"column":8},"end":{"line":22,"column":29}},{"start":{"line":22,"column":33},"end":{"line":22,"column":59}}],"line":22},"2":{"loc":{"start":{"line":34,"column":2},"end":{"line":36,"column":3}},"type":"if","locations":[{"start":{"line":34,"column":2},"end":{"line":36,"column":3}},{"start":{},"end":{}}],"line":34},"3":{"loc":{"start":{"line":57,"column":2},"end":{"line":61,"column":3}},"type":"if","locations":[{"start":{"line":57,"column":2},"end":{"line":61,"column":3}},{"start":{"line":59,"column":9},"end":{"line":61,"column":3}}],"line":57},"4":{"loc":{"start":{"line":63,"column":2},"end":{"line":67,"column":3}},"type":"if","locations":[{"start":{"line":63,"column":2},"end":{"line":67,"column":3}},{"start":{"line":65,"column":9},"end":{"line":67,"column":3}}],"line":63},"5":{"loc":{"start":{"line":63,"column":6},"end":{"line":63,"column":49}},"type":"binary-expr","locations":[{"start":{"line":63,"column":6},"end":{"line":63,"column":18}},{"start":{"line":63,"column":22},"end":{"line":63,"column":34}},{"start":{"line":63,"column":38},"end":{"line":63,"column":49}}],"line":63},"6":{"loc":{"start":{"line":73,"column":2},"end":{"line":75,"column":3}},"type":"if","locations":[{"start":{"line":73,"column":2},"end":{"line":75,"column":3}},{"start":{},"end":{}}],"line":73},"7":{"loc":{"start":{"line":76,"column":2},"end":{"line":78,"column":3}},"type":"if","locations":[{"start":{"line":76,"column":2},"end":{"line":78,"column":3}},{"start":{},"end":{}}],"line":76},"8":{"loc":{"start":{"line":76,"column":6},"end":{"line":76,"column":40}},"type":"binary-expr","locations":[{"start":{"line":76,"column":6},"end":{"line":76,"column":21}},{"start":{"line":76,"column":25},"end":{"line":76,"column":40}}],"line":76},"9":{"loc":{"start":{"line":82,"column":4},"end":{"line":87,"column":5}},"type":"if","locations":[{"start":{"line":82,"column":4},"end":{"line":87,"column":5}},{"start":{},"end":{}}],"line":82},"10":{"loc":{"start":{"line":84,"column":6},"end":{"line":86,"column":7}},"type":"if","locations":[{"start":{"line":84,"column":6},"end":{"line":86,"column":7}},{"start":{},"end":{}}],"line":84},"11":{"loc":{"start":{"line":92,"column":9},"end":{"line":92,"column":48}},"type":"cond-expr","locations":[{"start":{"line":92,"column":29},"end":{"line":92,"column":36}},{"start":{"line":92,"column":39},"end":{"line":92,"column":48}}],"line":92}},"s":{"0":3,"1":3,"2":3,"3":3,"4":9,"5":9,"6":3,"7":5,"8":5,"9":5,"10":10,"11":10,"12":3,"13":5,"14":3,"15":3,"16":1,"17":2,"18":5,"19":5,"20":5,"21":0,"22":5,"23":5,"24":2,"25":3,"26":3,"27":1,"28":2,"29":1,"30":1,"31":1,"32":1,"33":16,"34":8,"35":8,"36":1,"37":1,"38":15,"39":1},"f":{"0":3,"1":5,"2":3,"3":5,"4":3,"5":15},"b":{"0":[3,7],"1":[10,6],"2":[1,2],"3":[0,5],"4":[2,3],"5":[5,3,2],"6":[1,2],"7":[1,1],"8":[2,1],"9":[8,8],"10":[1,7],"11":[1,0]},"inputSourceMap":null,"_coverageSchema":"1a1c01bbd47fc00a2c39e90264f33305004495a9","hash":"e78fe7f3d53e0a40a4979a24b307c6ad343becc5"}
,"/Users/carita/Desktop/Rad5-assessment/controller/adminController.js": {"path":"/Users/carita/Desktop/Rad5-assessment/controller/adminController.js","statementMap":{"0":{"start":{"line":8,"column":26},"end":{"line":71,"column":1}},"1":{"start":{"line":9,"column":2},"end":{"line":70,"column":3}},"2":{"start":{"line":10,"column":35},"end":{"line":10,"column":43}},"3":{"start":{"line":12,"column":25},"end":{"line":12,"column":59}},"4":{"start":{"line":13,"column":4},"end":{"line":17,"column":5}},"5":{"start":{"line":14,"column":6},"end":{"line":16,"column":64}},"6":{"start":{"line":19,"column":4},"end":{"line":19,"column":63}},"7":{"start":{"line":21,"column":17},"end":{"line":21,"column":49}},"8":{"start":{"line":22,"column":18},"end":{"line":22,"column":51}},"9":{"start":{"line":28,"column":22},"end":{"line":28,"column":27}},"10":{"start":{"line":29,"column":20},"end":{"line":29,"column":24}},"11":{"start":{"line":31,"column":4},"end":{"line":37,"column":5}},"12":{"start":{"line":32,"column":6},"end":{"line":32,"column":25}},"13":{"start":{"line":33,"column":6},"end":{"line":33,"column":23}},"14":{"start":{"line":34,"column":11},"end":{"line":37,"column":5}},"15":{"start":{"line":35,"column":6},"end":{"line":35,"column":25}},"16":{"start":{"line":36,"column":6},"end":{"line":36,"column":24}},"17":{"start":{"line":39,"column":4},"end":{"line":41,"column":5}},"18":{"start":{"line":40,"column":6},"end":{"line":40,"column":69}},"19":{"start":{"line":43,"column":26},"end":{"line":43,"column":76}},"20":{"start":{"line":45,"column":4},"end":{"line":47,"column":5}},"21":{"start":{"line":46,"column":6},"end":{"line":46,"column":68}},"22":{"start":{"line":49,"column":18},"end":{"line":57,"column":5}},"23":{"start":{"line":59,"column":4},"end":{"line":63,"column":7}},"24":{"start":{"line":68,"column":4},"end":{"line":68,"column":47}},"25":{"start":{"line":69,"column":4},"end":{"line":69,"column":52}},"26":{"start":{"line":73,"column":27},"end":{"line":81,"column":1}},"27":{"start":{"line":74,"column":2},"end":{"line":80,"column":3}},"28":{"start":{"line":75,"column":18},"end":{"line":75,"column":35}},"29":{"start":{"line":76,"column":4},"end":{"line":76,"column":36}},"30":{"start":{"line":78,"column":4},"end":{"line":78,"column":50}},"31":{"start":{"line":79,"column":4},"end":{"line":79,"column":52}},"32":{"start":{"line":83,"column":27},"end":{"line":91,"column":1}},"33":{"start":{"line":84,"column":2},"end":{"line":90,"column":3}},"34":{"start":{"line":85,"column":18},"end":{"line":85,"column":35}},"35":{"start":{"line":86,"column":4},"end":{"line":86,"column":36}},"36":{"start":{"line":88,"column":4},"end":{"line":88,"column":50}},"37":{"start":{"line":89,"column":4},"end":{"line":89,"column":52}}},"fnMap":{"0":{"name":"(anonymous_0)","decl":{"start":{"line":8,"column":26},"end":{"line":8,"column":27}},"loc":{"start":{"line":8,"column":46},"end":{"line":71,"column":1}},"line":8},"1":{"name":"(anonymous_1)","decl":{"start":{"line":73,"column":27},"end":{"line":73,"column":28}},"loc":{"start":{"line":73,"column":47},"end":{"line":81,"column":1}},"line":73},"2":{"name":"(anonymous_2)","decl":{"start":{"line":83,"column":27},"end":{"line":83,"column":28}},"loc":{"start":{"line":83,"column":47},"end":{"line":91,"column":1}},"line":83}},"branchMap":{"0":{"loc":{"start":{"line":13,"column":4},"end":{"line":17,"column":5}},"type":"if","locations":[{"start":{"line":13,"column":4},"end":{"line":17,"column":5}},{"start":{},"end":{}}],"line":13},"1":{"loc":{"start":{"line":31,"column":4},"end":{"line":37,"column":5}},"type":"if","locations":[{"start":{"line":31,"column":4},"end":{"line":37,"column":5}},{"start":{"line":34,"column":11},"end":{"line":37,"column":5}}],"line":31},"2":{"loc":{"start":{"line":31,"column":8},"end":{"line":31,"column":28}},"type":"binary-expr","locations":[{"start":{"line":31,"column":8},"end":{"line":31,"column":12}},{"start":{"line":31,"column":16},"end":{"line":31,"column":28}}],"line":31},"3":{"loc":{"start":{"line":34,"column":11},"end":{"line":37,"column":5}},"type":"if","locations":[{"start":{"line":34,"column":11},"end":{"line":37,"column":5}},{"start":{},"end":{}}],"line":34},"4":{"loc":{"start":{"line":39,"column":4},"end":{"line":41,"column":5}},"type":"if","locations":[{"start":{"line":39,"column":4},"end":{"line":41,"column":5}},{"start":{},"end":{}}],"line":39},"5":{"loc":{"start":{"line":45,"column":4},"end":{"line":47,"column":5}},"type":"if","locations":[{"start":{"line":45,"column":4},"end":{"line":47,"column":5}},{"start":{},"end":{}}],"line":45}},"s":{"0":3,"1":4,"2":4,"3":4,"4":4,"5":0,"6":4,"7":4,"8":4,"9":4,"10":4,"11":4,"12":0,"13":0,"14":4,"15":4,"16":4,"17":4,"18":0,"19":4,"20":4,"21":4,"22":0,"23":0,"24":0,"25":0,"26":3,"27":2,"28":2,"29":1,"30":1,"31":1,"32":3,"33":2,"34":2,"35":1,"36":1,"37":1},"f":{"0":4,"1":2,"2":2},"b":{"0":[0,4],"1":[0,4],"2":[4,0],"3":[4,0],"4":[0,4],"5":[4,0]},"inputSourceMap":null,"_coverageSchema":"1a1c01bbd47fc00a2c39e90264f33305004495a9","hash":"b64554c34b06151c292cc2fc7ee55f3f11d025f3"}
,"/Users/carita/Desktop/Rad5-assessment/controller/todoController.js": {"path":"/Users/carita/Desktop/Rad5-assessment/controller/todoController.js","statementMap":{"0":{"start":{"line":5,"column":26},"end":{"line":26,"column":1}},"1":{"start":{"line":6,"column":2},"end":{"line":25,"column":3}},"2":{"start":{"line":7,"column":22},"end":{"line":7,"column":57}},"3":{"start":{"line":9,"column":4},"end":{"line":11,"column":5}},"4":{"start":{"line":10,"column":6},"end":{"line":10,"column":71}},"5":{"start":{"line":13,"column":17},"end":{"line":16,"column":6}},"6":{"start":{"line":18,"column":4},"end":{"line":21,"column":7}},"7":{"start":{"line":23,"column":4},"end":{"line":23,"column":23}},"8":{"start":{"line":24,"column":4},"end":{"line":24,"column":59}},"9":{"start":{"line":28,"column":24},"end":{"line":44,"column":1}},"10":{"start":{"line":29,"column":2},"end":{"line":43,"column":3}},"11":{"start":{"line":30,"column":19},"end":{"line":30,"column":31}},"12":{"start":{"line":31,"column":18},"end":{"line":31,"column":68}},"13":{"start":{"line":33,"column":4},"end":{"line":35,"column":5}},"14":{"start":{"line":34,"column":6},"end":{"line":34,"column":75}},"15":{"start":{"line":36,"column":4},"end":{"line":39,"column":7}},"16":{"start":{"line":41,"column":4},"end":{"line":41,"column":50}},"17":{"start":{"line":42,"column":4},"end":{"line":42,"column":59}},"18":{"start":{"line":46,"column":26},"end":{"line":91,"column":1}},"19":{"start":{"line":47,"column":2},"end":{"line":90,"column":3}},"20":{"start":{"line":48,"column":19},"end":{"line":48,"column":29}},"21":{"start":{"line":49,"column":52},"end":{"line":49,"column":60}},"22":{"start":{"line":51,"column":22},"end":{"line":51,"column":57}},"23":{"start":{"line":52,"column":4},"end":{"line":56,"column":5}},"24":{"start":{"line":53,"column":6},"end":{"line":55,"column":9}},"25":{"start":{"line":58,"column":17},"end":{"line":58,"column":40}},"26":{"start":{"line":59,"column":4},"end":{"line":61,"column":5}},"27":{"start":{"line":60,"column":6},"end":{"line":60,"column":63}},"28":{"start":{"line":63,"column":4},"end":{"line":67,"column":5}},"29":{"start":{"line":64,"column":6},"end":{"line":66,"column":9}},"30":{"start":{"line":69,"column":24},"end":{"line":73,"column":5}},"31":{"start":{"line":75,"column":4},"end":{"line":79,"column":5}},"32":{"start":{"line":76,"column":6},"end":{"line":78,"column":9}},"33":{"start":{"line":81,"column":4},"end":{"line":84,"column":7}},"34":{"start":{"line":86,"column":4},"end":{"line":86,"column":47}},"35":{"start":{"line":87,"column":4},"end":{"line":89,"column":7}},"36":{"start":{"line":93,"column":26},"end":{"line":124,"column":1}},"37":{"start":{"line":94,"column":2},"end":{"line":123,"column":3}},"38":{"start":{"line":95,"column":19},"end":{"line":95,"column":29}},"39":{"start":{"line":97,"column":17},"end":{"line":97,"column":40}},"40":{"start":{"line":99,"column":4},"end":{"line":101,"column":5}},"41":{"start":{"line":100,"column":6},"end":{"line":100,"column":63}},"42":{"start":{"line":104,"column":4},"end":{"line":108,"column":5}},"43":{"start":{"line":105,"column":6},"end":{"line":107,"column":71}},"44":{"start":{"line":110,"column":24},"end":{"line":110,"column":56}},"45":{"start":{"line":112,"column":4},"end":{"line":114,"column":5}},"46":{"start":{"line":113,"column":6},"end":{"line":113,"column":63}},"47":{"start":{"line":116,"column":4},"end":{"line":119,"column":7}},"48":{"start":{"line":121,"column":4},"end":{"line":121,"column":47}},"49":{"start":{"line":122,"column":4},"end":{"line":122,"column":68}},"50":{"start":{"line":126,"column":28},"end":{"line":149,"column":1}},"51":{"start":{"line":127,"column":2},"end":{"line":148,"column":3}},"52":{"start":{"line":130,"column":18},"end":{"line":132,"column":15}},"53":{"start":{"line":134,"column":4},"end":{"line":139,"column":5}},"54":{"start":{"line":135,"column":6},"end":{"line":138,"column":9}},"55":{"start":{"line":141,"column":4},"end":{"line":144,"column":7}},"56":{"start":{"line":146,"column":4},"end":{"line":146,"column":50}},"57":{"start":{"line":147,"column":4},"end":{"line":147,"column":59}}},"fnMap":{"0":{"name":"(anonymous_0)","decl":{"start":{"line":5,"column":26},"end":{"line":5,"column":27}},"loc":{"start":{"line":5,"column":46},"end":{"line":26,"column":1}},"line":5},"1":{"name":"(anonymous_1)","decl":{"start":{"line":28,"column":24},"end":{"line":28,"column":25}},"loc":{"start":{"line":28,"column":44},"end":{"line":44,"column":1}},"line":28},"2":{"name":"(anonymous_2)","decl":{"start":{"line":46,"column":26},"end":{"line":46,"column":27}},"loc":{"start":{"line":46,"column":46},"end":{"line":91,"column":1}},"line":46},"3":{"name":"(anonymous_3)","decl":{"start":{"line":93,"column":26},"end":{"line":93,"column":27}},"loc":{"start":{"line":93,"column":46},"end":{"line":124,"column":1}},"line":93},"4":{"name":"(anonymous_4)","decl":{"start":{"line":126,"column":28},"end":{"line":126,"column":29}},"loc":{"start":{"line":126,"column":48},"end":{"line":149,"column":1}},"line":126}},"branchMap":{"0":{"loc":{"start":{"line":9,"column":4},"end":{"line":11,"column":5}},"type":"if","locations":[{"start":{"line":9,"column":4},"end":{"line":11,"column":5}},{"start":{},"end":{}}],"line":9},"1":{"loc":{"start":{"line":33,"column":4},"end":{"line":35,"column":5}},"type":"if","locations":[{"start":{"line":33,"column":4},"end":{"line":35,"column":5}},{"start":{},"end":{}}],"line":33},"2":{"loc":{"start":{"line":52,"column":4},"end":{"line":56,"column":5}},"type":"if","locations":[{"start":{"line":52,"column":4},"end":{"line":56,"column":5}},{"start":{},"end":{}}],"line":52},"3":{"loc":{"start":{"line":59,"column":4},"end":{"line":61,"column":5}},"type":"if","locations":[{"start":{"line":59,"column":4},"end":{"line":61,"column":5}},{"start":{},"end":{}}],"line":59},"4":{"loc":{"start":{"line":63,"column":4},"end":{"line":67,"column":5}},"type":"if","locations":[{"start":{"line":63,"column":4},"end":{"line":67,"column":5}},{"start":{},"end":{}}],"line":63},"5":{"loc":{"start":{"line":75,"column":4},"end":{"line":79,"column":5}},"type":"if","locations":[{"start":{"line":75,"column":4},"end":{"line":79,"column":5}},{"start":{},"end":{}}],"line":75},"6":{"loc":{"start":{"line":99,"column":4},"end":{"line":101,"column":5}},"type":"if","locations":[{"start":{"line":99,"column":4},"end":{"line":101,"column":5}},{"start":{},"end":{}}],"line":99},"7":{"loc":{"start":{"line":104,"column":4},"end":{"line":108,"column":5}},"type":"if","locations":[{"start":{"line":104,"column":4},"end":{"line":108,"column":5}},{"start":{},"end":{}}],"line":104},"8":{"loc":{"start":{"line":112,"column":4},"end":{"line":114,"column":5}},"type":"if","locations":[{"start":{"line":112,"column":4},"end":{"line":114,"column":5}},{"start":{},"end":{}}],"line":112},"9":{"loc":{"start":{"line":134,"column":4},"end":{"line":139,"column":5}},"type":"if","locations":[{"start":{"line":134,"column":4},"end":{"line":139,"column":5}},{"start":{},"end":{}}],"line":134}},"s":{"0":3,"1":0,"2":0,"3":0,"4":0,"5":0,"6":0,"7":0,"8":0,"9":3,"10":0,"11":0,"12":0,"13":0,"14":0,"15":0,"16":0,"17":0,"18":3,"19":0,"20":0,"21":0,"22":0,"23":0,"24":0,"25":0,"26":0,"27":0,"28":0,"29":0,"30":0,"31":0,"32":0,"33":0,"34":0,"35":0,"36":3,"37":0,"38":0,"39":0,"40":0,"41":0,"42":0,"43":0,"44":0,"45":0,"46":0,"47":0,"48":0,"49":0,"50":3,"51":0,"52":0,"53":0,"54":0,"55":0,"56":0,"57":0},"f":{"0":0,"1":0,"2":0,"3":0,"4":0},"b":{"0":[0,0],"1":[0,0],"2":[0,0],"3":[0,0],"4":[0,0],"5":[0,0],"6":[0,0],"7":[0,0],"8":[0,0],"9":[0,0]},"inputSourceMap":null,"_coverageSchema":"1a1c01bbd47fc00a2c39e90264f33305004495a9","hash":"48f9bca3251d9e551f53a147f8f3a53a7571d19a"}
,"/Users/carita/Desktop/Rad5-assessment/controller/userController.js": {"path":"/Users/carita/Desktop/Rad5-assessment/controller/userController.js","statementMap":{"0":{"start":{"line":14,"column":2},"end":{"line":48,"column":3}},"1":{"start":{"line":15,"column":35},"end":{"line":15,"column":43}},"2":{"start":{"line":17,"column":25},"end":{"line":17,"column":62}},"3":{"start":{"line":18,"column":4},"end":{"line":22,"column":5}},"4":{"start":{"line":19,"column":6},"end":{"line":21,"column":64}},"5":{"start":{"line":24,"column":25},"end":{"line":24,"column":74}},"6":{"start":{"line":26,"column":19},"end":{"line":26,"column":51}},"7":{"start":{"line":28,"column":4},"end":{"line":38,"column":5}},"8":{"start":{"line":29,"column":22},"end":{"line":32,"column":8}},"9":{"start":{"line":34,"column":6},"end":{"line":37,"column":9}},"10":{"start":{"line":40,"column":4},"end":{"line":42,"column":7}},"11":{"start":{"line":44,"column":4},"end":{"line":44,"column":23}},"12":{"start":{"line":45,"column":4},"end":{"line":47,"column":7}},"13":{"start":{"line":52,"column":2},"end":{"line":88,"column":3}},"14":{"start":{"line":53,"column":35},"end":{"line":53,"column":43}},"15":{"start":{"line":55,"column":25},"end":{"line":55,"column":59}},"16":{"start":{"line":56,"column":4},"end":{"line":60,"column":5}},"17":{"start":{"line":57,"column":6},"end":{"line":59,"column":64}},"18":{"start":{"line":62,"column":17},"end":{"line":62,"column":49}},"19":{"start":{"line":63,"column":4},"end":{"line":63,"column":77}},"20":{"start":{"line":63,"column":15},"end":{"line":63,"column":77}},"21":{"start":{"line":65,"column":20},"end":{"line":65,"column":24}},"22":{"start":{"line":67,"column":18},"end":{"line":69,"column":6}},"23":{"start":{"line":71,"column":26},"end":{"line":71,"column":71}},"24":{"start":{"line":72,"column":4},"end":{"line":78,"column":5}},"25":{"start":{"line":73,"column":6},"end":{"line":77,"column":9}},"26":{"start":{"line":80,"column":4},"end":{"line":82,"column":7}},"27":{"start":{"line":84,"column":4},"end":{"line":84,"column":23}},"28":{"start":{"line":85,"column":4},"end":{"line":87,"column":7}},"29":{"start":{"line":92,"column":2},"end":{"line":122,"column":3}},"30":{"start":{"line":93,"column":32},"end":{"line":93,"column":40}},"31":{"start":{"line":95,"column":4},"end":{"line":97,"column":5}},"32":{"start":{"line":96,"column":6},"end":{"line":96,"column":72}},"33":{"start":{"line":99,"column":23},"end":{"line":103,"column":9}},"34":{"start":{"line":105,"column":23},"end":{"line":105,"column":53}},"35":{"start":{"line":106,"column":22},"end":{"line":106,"column":46}},"36":{"start":{"line":108,"column":24},"end":{"line":108,"column":67}},"37":{"start":{"line":110,"column":20},"end":{"line":110,"column":45}},"38":{"start":{"line":111,"column":4},"end":{"line":113,"column":5}},"39":{"start":{"line":112,"column":6},"end":{"line":112,"column":49}},"40":{"start":{"line":115,"column":4},"end":{"line":115,"column":47}},"41":{"start":{"line":117,"column":4},"end":{"line":117,"column":48}},"42":{"start":{"line":118,"column":4},"end":{"line":118,"column":69}},"43":{"start":{"line":120,"column":4},"end":{"line":120,"column":52}},"44":{"start":{"line":121,"column":4},"end":{"line":121,"column":63}}},"fnMap":{"0":{"name":"register","decl":{"start":{"line":13,"column":22},"end":{"line":13,"column":30}},"loc":{"start":{"line":13,"column":41},"end":{"line":49,"column":1}},"line":13},"1":{"name":"login","decl":{"start":{"line":51,"column":22},"end":{"line":51,"column":27}},"loc":{"start":{"line":51,"column":38},"end":{"line":89,"column":1}},"line":51},"2":{"name":"webHooks","decl":{"start":{"line":91,"column":22},"end":{"line":91,"column":30}},"loc":{"start":{"line":91,"column":41},"end":{"line":123,"column":1}},"line":91}},"branchMap":{"0":{"loc":{"start":{"line":18,"column":4},"end":{"line":22,"column":5}},"type":"if","locations":[{"start":{"line":18,"column":4},"end":{"line":22,"column":5}},{"start":{},"end":{}}],"line":18},"1":{"loc":{"start":{"line":28,"column":4},"end":{"line":38,"column":5}},"type":"if","locations":[{"start":{"line":28,"column":4},"end":{"line":38,"column":5}},{"start":{},"end":{}}],"line":28},"2":{"loc":{"start":{"line":56,"column":4},"end":{"line":60,"column":5}},"type":"if","locations":[{"start":{"line":56,"column":4},"end":{"line":60,"column":5}},{"start":{},"end":{}}],"line":56},"3":{"loc":{"start":{"line":63,"column":4},"end":{"line":63,"column":77}},"type":"if","locations":[{"start":{"line":63,"column":4},"end":{"line":63,"column":77}},{"start":{},"end":{}}],"line":63},"4":{"loc":{"start":{"line":72,"column":4},"end":{"line":78,"column":5}},"type":"if","locations":[{"start":{"line":72,"column":4},"end":{"line":78,"column":5}},{"start":{},"end":{}}],"line":72},"5":{"loc":{"start":{"line":95,"column":4},"end":{"line":97,"column":5}},"type":"if","locations":[{"start":{"line":95,"column":4},"end":{"line":97,"column":5}},{"start":{},"end":{}}],"line":95},"6":{"loc":{"start":{"line":95,"column":8},"end":{"line":95,"column":27}},"type":"binary-expr","locations":[{"start":{"line":95,"column":8},"end":{"line":95,"column":18}},{"start":{"line":95,"column":22},"end":{"line":95,"column":27}}],"line":95},"7":{"loc":{"start":{"line":111,"column":4},"end":{"line":113,"column":5}},"type":"if","locations":[{"start":{"line":111,"column":4},"end":{"line":113,"column":5}},{"start":{},"end":{}}],"line":111}},"s":{"0":4,"1":4,"2":4,"3":4,"4":1,"5":3,"6":3,"7":2,"8":1,"9":1,"10":1,"11":1,"12":1,"13":7,"14":7,"15":7,"16":7,"17":4,"18":3,"19":2,"20":1,"21":1,"22":1,"23":1,"24":1,"25":1,"26":0,"27":1,"28":1,"29":1,"30":1,"31":1,"32":1,"33":0,"34":0,"35":0,"36":0,"37":0,"38":0,"39":0,"40":0,"41":0,"42":0,"43":0,"44":0},"f":{"0":4,"1":7,"2":1},"b":{"0":[1,3],"1":[1,1],"2":[4,3],"3":[1,1],"4":[1,0],"5":[1,0],"6":[1,0],"7":[0,0]},"inputSourceMap":null,"_coverageSchema":"1a1c01bbd47fc00a2c39e90264f33305004495a9","hash":"b0daf9ebea9e31c894ba44e2514562a84c05f361"}
,"/Users/carita/Desktop/Rad5-assessment/middlewares/adminAuth.js": {"path":"/Users/carita/Desktop/Rad5-assessment/middlewares/adminAuth.js","statementMap":{"0":{"start":{"line":6,"column":2},"end":{"line":10,"column":3}},"1":{"start":{"line":8,"column":4},"end":{"line":8,"column":37}},"2":{"start":{"line":9,"column":4},"end":{"line":9,"column":18}},"3":{"start":{"line":12,"column":24},"end":{"line":12,"column":49}},"4":{"start":{"line":14,"column":2},"end":{"line":18,"column":3}},"5":{"start":{"line":15,"column":4},"end":{"line":17,"column":7}},"6":{"start":{"line":20,"column":16},"end":{"line":20,"column":38}},"7":{"start":{"line":22,"column":2},"end":{"line":58,"column":3}},"8":{"start":{"line":23,"column":21},"end":{"line":23,"column":62}},"9":{"start":{"line":24,"column":21},"end":{"line":24,"column":38}},"10":{"start":{"line":27,"column":17},"end":{"line":27,"column":49}},"11":{"start":{"line":28,"column":4},"end":{"line":39,"column":5}},"12":{"start":{"line":29,"column":6},"end":{"line":29,"column":50}},"13":{"start":{"line":30,"column":6},"end":{"line":38,"column":7}},"14":{"start":{"line":32,"column":8},"end":{"line":32,"column":29}},"15":{"start":{"line":33,"column":8},"end":{"line":33,"column":22}},"16":{"start":{"line":35,"column":8},"end":{"line":37,"column":11}},"17":{"start":{"line":42,"column":18},"end":{"line":42,"column":51}},"18":{"start":{"line":43,"column":4},"end":{"line":43,"column":67}},"19":{"start":{"line":45,"column":4},"end":{"line":49,"column":5}},"20":{"start":{"line":46,"column":6},"end":{"line":48,"column":9}},"21":{"start":{"line":51,"column":4},"end":{"line":51,"column":25}},"22":{"start":{"line":52,"column":4},"end":{"line":52,"column":11}},"23":{"start":{"line":54,"column":4},"end":{"line":54,"column":57}},"24":{"start":{"line":55,"column":4},"end":{"line":57,"column":7}}},"fnMap":{"0":{"name":"adminAuth","decl":{"start":{"line":5,"column":22},"end":{"line":5,"column":31}},"loc":{"start":{"line":5,"column":48},"end":{"line":59,"column":1}},"line":5}},"branchMap":{"0":{"loc":{"start":{"line":6,"column":2},"end":{"line":10,"column":3}},"type":"if","locations":[{"start":{"line":6,"column":2},"end":{"line":10,"column":3}},{"start":{},"end":{}}],"line":6},"1":{"loc":{"start":{"line":14,"column":2},"end":{"line":18,"column":3}},"type":"if","locations":[{"start":{"line":14,"column":2},"end":{"line":18,"column":3}},{"start":{},"end":{}}],"line":14},"2":{"loc":{"start":{"line":14,"column":6},"end":{"line":14,"column":60}},"type":"binary-expr","locations":[{"start":{"line":14,"column":6},"end":{"line":14,"column":20}},{"start":{"line":14,"column":24},"end":{"line":14,"column":60}}],"line":14},"3":{"loc":{"start":{"line":28,"column":4},"end":{"line":39,"column":5}},"type":"if","locations":[{"start":{"line":28,"column":4},"end":{"line":39,"column":5}},{"start":{},"end":{}}],"line":28},"4":{"loc":{"start":{"line":30,"column":6},"end":{"line":38,"column":7}},"type":"if","locations":[{"start":{"line":30,"column":6},"end":{"line":38,"column":7}},{"start":{"line":34,"column":13},"end":{"line":38,"column":7}}],"line":30},"5":{"loc":{"start":{"line":43,"column":32},"end":{"line":43,"column":63}},"type":"cond-expr","locations":[{"start":{"line":43,"column":40},"end":{"line":43,"column":54}},{"start":{"line":43,"column":57},"end":{"line":43,"column":63}}],"line":43},"6":{"loc":{"start":{"line":45,"column":4},"end":{"line":49,"column":5}},"type":"if","locations":[{"start":{"line":45,"column":4},"end":{"line":49,"column":5}},{"start":{},"end":{}}],"line":45}},"s":{"0":4,"1":4,"2":4,"3":0,"4":0,"5":0,"6":0,"7":0,"8":0,"9":0,"10":0,"11":0,"12":0,"13":0,"14":0,"15":0,"16":0,"17":0,"18":0,"19":0,"20":0,"21":0,"22":0,"23":0,"24":0},"f":{"0":4},"b":{"0":[4,0],"1":[0,0],"2":[0,0],"3":[0,0],"4":[0,0],"5":[0,0],"6":[0,0]},"inputSourceMap":null,"_coverageSchema":"1a1c01bbd47fc00a2c39e90264f33305004495a9","hash":"4e010b0f39ba79b781ad2e655334acc22b9194dc"}
,"/Users/carita/Desktop/Rad5-assessment/middlewares/userAuth.js": {"path":"/Users/carita/Desktop/Rad5-assessment/middlewares/userAuth.js","statementMap":{"0":{"start":{"line":5,"column":2},"end":{"line":57,"column":3}},"1":{"start":{"line":6,"column":4},"end":{"line":10,"column":5}},"2":{"start":{"line":8,"column":6},"end":{"line":8,"column":39}},"3":{"start":{"line":9,"column":6},"end":{"line":9,"column":20}},"4":{"start":{"line":12,"column":26},"end":{"line":12,"column":51}},"5":{"start":{"line":14,"column":4},"end":{"line":19,"column":5}},"6":{"start":{"line":15,"column":6},"end":{"line":15,"column":65}},"7":{"start":{"line":16,"column":6},"end":{"line":18,"column":9}},"8":{"start":{"line":21,"column":18},"end":{"line":21,"column":40}},"9":{"start":{"line":24,"column":4},"end":{"line":31,"column":5}},"10":{"start":{"line":25,"column":6},"end":{"line":25,"column":59}},"11":{"start":{"line":27,"column":6},"end":{"line":27,"column":51}},"12":{"start":{"line":28,"column":6},"end":{"line":30,"column":9}},"13":{"start":{"line":33,"column":4},"end":{"line":38,"column":5}},"14":{"start":{"line":34,"column":6},"end":{"line":34,"column":49}},"15":{"start":{"line":35,"column":6},"end":{"line":37,"column":9}},"16":{"start":{"line":40,"column":20},"end":{"line":40,"column":28}},"17":{"start":{"line":41,"column":17},"end":{"line":41,"column":41}},"18":{"start":{"line":43,"column":4},"end":{"line":48,"column":5}},"19":{"start":{"line":44,"column":6},"end":{"line":44,"column":52}},"20":{"start":{"line":45,"column":6},"end":{"line":47,"column":9}},"21":{"start":{"line":50,"column":4},"end":{"line":50,"column":20}},"22":{"start":{"line":51,"column":4},"end":{"line":51,"column":11}},"23":{"start":{"line":53,"column":4},"end":{"line":53,"column":42}},"24":{"start":{"line":54,"column":4},"end":{"line":56,"column":7}}},"fnMap":{"0":{"name":"userAuth","decl":{"start":{"line":4,"column":22},"end":{"line":4,"column":30}},"loc":{"start":{"line":4,"column":47},"end":{"line":58,"column":1}},"line":4}},"branchMap":{"0":{"loc":{"start":{"line":6,"column":4},"end":{"line":10,"column":5}},"type":"if","locations":[{"start":{"line":6,"column":4},"end":{"line":10,"column":5}},{"start":{},"end":{}}],"line":6},"1":{"loc":{"start":{"line":14,"column":4},"end":{"line":19,"column":5}},"type":"if","locations":[{"start":{"line":14,"column":4},"end":{"line":19,"column":5}},{"start":{},"end":{}}],"line":14},"2":{"loc":{"start":{"line":14,"column":8},"end":{"line":14,"column":62}},"type":"binary-expr","locations":[{"start":{"line":14,"column":8},"end":{"line":14,"column":22}},{"start":{"line":14,"column":26},"end":{"line":14,"column":62}}],"line":14},"3":{"loc":{"start":{"line":33,"column":4},"end":{"line":38,"column":5}},"type":"if","locations":[{"start":{"line":33,"column":4},"end":{"line":38,"column":5}},{"start":{},"end":{}}],"line":33},"4":{"loc":{"start":{"line":43,"column":4},"end":{"line":48,"column":5}},"type":"if","locations":[{"start":{"line":43,"column":4},"end":{"line":48,"column":5}},{"start":{},"end":{}}],"line":43}},"s":{"0":0,"1":0,"2":0,"3":0,"4":0,"5":0,"6":0,"7":0,"8":0,"9":0,"10":0,"11":0,"12":0,"13":0,"14":0,"15":0,"16":0,"17":0,"18":0,"19":0,"20":0,"21":0,"22":0,"23":0,"24":0},"f":{"0":0},"b":{"0":[0,0],"1":[0,0],"2":[0,0],"3":[0,0],"4":[0,0]},"inputSourceMap":null,"_coverageSchema":"1a1c01bbd47fc00a2c39e90264f33305004495a9","hash":"e83879e6f1f2ef2068aa87f8b4918bd14c2c0691"}
,"/Users/carita/Desktop/Rad5-assessment/models/admin.js": {"path":"/Users/carita/Desktop/Rad5-assessment/models/admin.js","statementMap":{"0":{"start":{"line":3,"column":20},"end":{"line":17,"column":24}},"1":{"start":{"line":19,"column":14},"end":{"line":19,"column":50}}},"fnMap":{},"branchMap":{},"s":{"0":3,"1":3},"f":{},"b":{},"inputSourceMap":null,"_coverageSchema":"1a1c01bbd47fc00a2c39e90264f33305004495a9","hash":"30cad0248c853cb35e0083051cd380e7a84fb97f"}
,"/Users/carita/Desktop/Rad5-assessment/models/todo.js": {"path":"/Users/carita/Desktop/Rad5-assessment/models/todo.js","statementMap":{"0":{"start":{"line":3,"column":21},"end":{"line":29,"column":1}},"1":{"start":{"line":31,"column":13},"end":{"line":31,"column":40}}},"fnMap":{},"branchMap":{},"s":{"0":3,"1":3},"f":{},"b":{},"inputSourceMap":null,"_coverageSchema":"1a1c01bbd47fc00a2c39e90264f33305004495a9","hash":"e2256a1afc86855b4434955f49dfa8efd348bf0d"}
,"/Users/carita/Desktop/Rad5-assessment/models/user.js": {"path":"/Users/carita/Desktop/Rad5-assessment/models/user.js","statementMap":{"0":{"start":{"line":4,"column":21},"end":{"line":20,"column":1}},"1":{"start":{"line":21,"column":13},"end":{"line":21,"column":49}}},"fnMap":{},"branchMap":{},"s":{"0":3,"1":3},"f":{},"b":{},"inputSourceMap":null,"_coverageSchema":"1a1c01bbd47fc00a2c39e90264f33305004495a9","hash":"5810bdb4ca3b000a31273a0598d2a6194ba53374"}
,"/Users/carita/Desktop/Rad5-assessment/routes/adminRoutes.js": {"path":"/Users/carita/Desktop/Rad5-assessment/routes/adminRoutes.js","statementMap":{"0":{"start":{"line":5,"column":15},"end":{"line":5,"column":31}},"1":{"start":{"line":7,"column":0},"end":{"line":7,"column":34}},"2":{"start":{"line":8,"column":0},"end":{"line":8,"column":45}},"3":{"start":{"line":9,"column":0},"end":{"line":9,"column":45}}},"fnMap":{},"branchMap":{},"s":{"0":3,"1":3,"2":3,"3":3},"f":{},"b":{},"inputSourceMap":null,"_coverageSchema":"1a1c01bbd47fc00a2c39e90264f33305004495a9","hash":"9af91aeab47971ea89c9bc8c9f59bdfc4cea01e5"}
,"/Users/carita/Desktop/Rad5-assessment/routes/todoRoutes.js": {"path":"/Users/carita/Desktop/Rad5-assessment/routes/todoRoutes.js","statementMap":{"0":{"start":{"line":5,"column":15},"end":{"line":5,"column":31}},"1":{"start":{"line":8,"column":0},"end":{"line":8,"column":43}},"2":{"start":{"line":9,"column":0},"end":{"line":9,"column":40}},"3":{"start":{"line":10,"column":0},"end":{"line":10,"column":46}},"4":{"start":{"line":11,"column":0},"end":{"line":11,"column":49}},"5":{"start":{"line":12,"column":0},"end":{"line":12,"column":56}}},"fnMap":{},"branchMap":{},"s":{"0":3,"1":3,"2":3,"3":3,"4":3,"5":3},"f":{},"b":{},"inputSourceMap":null,"_coverageSchema":"1a1c01bbd47fc00a2c39e90264f33305004495a9","hash":"cd43bf6b306dad96b4f9fd345803357f2e926e11"}
,"/Users/carita/Desktop/Rad5-assessment/routes/userRoutes.js": {"path":"/Users/carita/Desktop/Rad5-assessment/routes/userRoutes.js","statementMap":{"0":{"start":{"line":4,"column":15},"end":{"line":4,"column":31}},"1":{"start":{"line":7,"column":0},"end":{"line":7,"column":36}},"2":{"start":{"line":8,"column":0},"end":{"line":8,"column":29}}},"fnMap":{},"branchMap":{},"s":{"0":3,"1":3,"2":3},"f":{},"b":{},"inputSourceMap":null,"_coverageSchema":"1a1c01bbd47fc00a2c39e90264f33305004495a9","hash":"5c5f4be80798fe2dbac140a7f7b4d7f667e9dcdc"}
,"/Users/carita/Desktop/Rad5-assessment/routes/webhookRoute.js": {"path":"/Users/carita/Desktop/Rad5-assessment/routes/webhookRoute.js","statementMap":{"0":{"start":{"line":4,"column":15},"end":{"line":4,"column":31}},"1":{"start":{"line":6,"column":0},"end":{"line":6,"column":34}}},"fnMap":{},"branchMap":{},"s":{"0":3,"1":3},"f":{},"b":{},"inputSourceMap":null,"_coverageSchema":"1a1c01bbd47fc00a2c39e90264f33305004495a9","hash":"c64d825d93fccbd885b2ad7532bdbbe064be8560"}
,"/Users/carita/Desktop/Rad5-assessment/validators/userValid.js": {"path":"/Users/carita/Desktop/Rad5-assessment/validators/userValid.js","statementMap":{"0":{"start":{"line":3,"column":34},"end":{"line":24,"column":33}},"1":{"start":{"line":26,"column":31},"end":{"line":39,"column":2}},"2":{"start":{"line":41,"column":32},"end":{"line":52,"column":33}},"3":{"start":{"line":54,"column":32},"end":{"line":67,"column":2}}},"fnMap":{},"branchMap":{},"s":{"0":3,"1":3,"2":3,"3":3},"f":{},"b":{},"inputSourceMap":null,"_coverageSchema":"1a1c01bbd47fc00a2c39e90264f33305004495a9","hash":"efaed36a2b9d318b472fa1dd70d4f2c31d7f5d4e"}
}
