{"/Users/carita/Desktop/Rad5 assessment/Algorithms/algo.js": {"path":"/Users/carita/Desktop/Rad5 assessment/Algorithms/algo.js","statementMap":{"0":{"start":{"line":2,"column":12},"end":{"line":2,"column":13}},"1":{"start":{"line":4,"column":19},"end":{"line":4,"column":31}},"2":{"start":{"line":6,"column":2},"end":{"line":9,"column":3}},"3":{"start":{"line":6,"column":15},"end":{"line":6,"column":16}},"4":{"start":{"line":7,"column":18},"end":{"line":7,"column":43}},"5":{"start":{"line":8,"column":4},"end":{"line":8,"column":17}},"6":{"start":{"line":11,"column":2},"end":{"line":11,"column":13}},"7":{"start":{"line":17,"column":18},"end":{"line":17,"column":19}},"8":{"start":{"line":19,"column":2},"end":{"line":25,"column":3}},"9":{"start":{"line":19,"column":15},"end":{"line":19,"column":16}},"10":{"start":{"line":20,"column":4},"end":{"line":20,"column":16}},"11":{"start":{"line":22,"column":4},"end":{"line":24,"column":5}},"12":{"start":{"line":23,"column":6},"end":{"line":23,"column":10}},"13":{"start":{"line":27,"column":2},"end":{"line":27,"column":19}},"14":{"start":{"line":33,"column":16},"end":{"line":33,"column":37}},"15":{"start":{"line":34,"column":2},"end":{"line":36,"column":3}},"16":{"start":{"line":35,"column":4},"end":{"line":35,"column":41}},"17":{"start":{"line":38,"column":2},"end":{"line":38,"column":20}},"18":{"start":{"line":54,"column":18},"end":{"line":54,"column":29}},"19":{"start":{"line":57,"column":2},"end":{"line":61,"column":3}},"20":{"start":{"line":58,"column":6},"end":{"line":58,"column":36}},"21":{"start":{"line":60,"column":6},"end":{"line":60,"column":22}},"22":{"start":{"line":63,"column":2},"end":{"line":67,"column":3}},"23":{"start":{"line":64,"column":6},"end":{"line":64,"column":19}},"24":{"start":{"line":66,"column":6},"end":{"line":66,"column":18}}},"fnMap":{"0":{"name":"sumOfDigits","decl":{"start":{"line":1,"column":16},"end":{"line":1,"column":27}},"loc":{"start":{"line":1,"column":31},"end":{"line":12,"column":1}},"line":1},"1":{"name":"minCost","decl":{"start":{"line":16,"column":16},"end":{"line":16,"column":23}},"loc":{"start":{"line":16,"column":32},"end":{"line":28,"column":1}},"line":16},"2":{"name":"luckyLetter","decl":{"start":{"line":32,"column":16},"end":{"line":32,"column":27}},"loc":{"start":{"line":32,"column":37},"end":{"line":39,"column":1}},"line":32},"3":{"name":"isCountCorrect","decl":{"start":{"line":53,"column":16},"end":{"line":53,"column":30}},"loc":{"start":{"line":53,"column":40},"end":{"line":68,"column":1}},"line":53}},"branchMap":{"0":{"loc":{"start":{"line":22,"column":4},"end":{"line":24,"column":5}},"type":"if","locations":[{"start":{"line":22,"column":4},"end":{"line":24,"column":5}},{"start":{},"end":{}}],"line":22},"1":{"loc":{"start":{"line":22,"column":8},"end":{"line":22,"column":59}},"type":"binary-expr","locations":[{"start":{"line":22,"column":8},"end":{"line":22,"column":29}},{"start":{"line":22,"column":33},"end":{"line":22,"column":59}}],"line":22},"2":{"loc":{"start":{"line":34,"column":2},"end":{"line":36,"column":3}},"type":"if","locations":[{"start":{"line":34,"column":2},"end":{"line":36,"column":3}},{"start":{},"end":{}}],"line":34},"3":{"loc":{"start":{"line":57,"column":2},"end":{"line":61,"column":3}},"type":"if","locations":[{"start":{"line":57,"column":2},"end":{"line":61,"column":3}},{"start":{"line":59,"column":9},"end":{"line":61,"column":3}}],"line":57},"4":{"loc":{"start":{"line":63,"column":2},"end":{"line":67,"column":3}},"type":"if","locations":[{"start":{"line":63,"column":2},"end":{"line":67,"column":3}},{"start":{"line":65,"column":9},"end":{"line":67,"column":3}}],"line":63},"5":{"loc":{"start":{"line":63,"column":6},"end":{"line":63,"column":49}},"type":"binary-expr","locations":[{"start":{"line":63,"column":6},"end":{"line":63,"column":18}},{"start":{"line":63,"column":22},"end":{"line":63,"column":34}},{"start":{"line":63,"column":38},"end":{"line":63,"column":49}}],"line":63}},"s":{"0":3,"1":3,"2":3,"3":3,"4":9,"5":9,"6":3,"7":5,"8":5,"9":5,"10":10,"11":10,"12":3,"13":5,"14":3,"15":3,"16":1,"17":2,"18":5,"19":5,"20":0,"21":5,"22":5,"23":2,"24":3},"f":{"0":3,"1":5,"2":3,"3":5},"b":{"0":[3,7],"1":[10,6],"2":[1,2],"3":[0,5],"4":[2,3],"5":[5,3,2]},"inputSourceMap":null,"_coverageSchema":"1a1c01bbd47fc00a2c39e90264f33305004495a9","hash":"72649dd91ccb8ac8df81fbf32d989e5f0b289fa5"}
,"/Users/carita/Desktop/Rad5 assessment/models/todo.js": {"path":"/Users/carita/Desktop/Rad5 assessment/models/todo.js","statementMap":{"0":{"start":{"line":3,"column":21},"end":{"line":24,"column":1}},"1":{"start":{"line":26,"column":13},"end":{"line":26,"column":40}}},"fnMap":{},"branchMap":{},"s":{"0":1,"1":1},"f":{},"b":{},"inputSourceMap":null,"_coverageSchema":"1a1c01bbd47fc00a2c39e90264f33305004495a9","hash":"c8eb26274f602590599986237a2b4b1ffea82679"}
,"/Users/carita/Desktop/Rad5 assessment/models/user.js": {"path":"/Users/carita/Desktop/Rad5 assessment/models/user.js","statementMap":{"0":{"start":{"line":4,"column":21},"end":{"line":27,"column":1}},"1":{"start":{"line":29,"column":13},"end":{"line":29,"column":49}}},"fnMap":{},"branchMap":{},"s":{"0":1,"1":1},"f":{},"b":{},"inputSourceMap":null,"_coverageSchema":"1a1c01bbd47fc00a2c39e90264f33305004495a9","hash":"4da81fae9557356e2520e86ff0afcfb2c8868fc1"}
}
