TN:
SF:index.js
FN:26,(anonymous_0)
FN:35,(anonymous_1)
FNF:2
FNH:1
FNDA:0,(anonymous_0)
FNDA:12,(anonymous_1)
DA:15,3
DA:17,3
DA:19,3
DA:20,3
DA:21,3
DA:22,3
DA:23,3
DA:24,3
DA:26,3
DA:27,0
DA:30,3
DA:31,3
DA:32,3
DA:33,3
DA:35,3
DA:36,12
LF:16
LH:15
BRF:0
BRH:0
end_of_record
TN:
SF:Algorithms/algo.js
FN:1,sumOfDigits
FN:16,minCost
FN:32,luckyLetter
FN:53,isCountCorrect
FN:72,validCard
FN:90,(anonymous_5)
FNF:6
FNH:6
FNDA:3,sumOfDigits
FNDA:5,minCost
FNDA:3,luckyLetter
FNDA:5,isCountCorrect
FNDA:3,validCard
FNDA:15,(anonymous_5)
DA:2,3
DA:4,3
DA:6,3
DA:7,9
DA:8,9
DA:11,3
DA:17,5
DA:19,5
DA:20,10
DA:22,10
DA:23,3
DA:27,5
DA:33,3
DA:34,3
DA:35,1
DA:38,2
DA:54,5
DA:55,5
DA:57,5
DA:58,0
DA:60,5
DA:63,5
DA:64,2
DA:66,3
DA:73,3
DA:74,1
DA:76,2
DA:77,1
DA:79,1
DA:81,1
DA:82,16
DA:83,8
DA:84,8
DA:85,1
DA:90,15
DA:92,1
LF:36
LH:35
BRDA:22,0,0,3
BRDA:22,0,1,7
BRDA:22,1,0,10
BRDA:22,1,1,6
BRDA:34,2,0,1
BRDA:34,2,1,2
BRDA:57,3,0,0
BRDA:57,3,1,5
BRDA:63,4,0,2
BRDA:63,4,1,3
BRDA:63,5,0,5
BRDA:63,5,1,3
BRDA:63,5,2,2
BRDA:73,6,0,1
BRDA:73,6,1,2
BRDA:76,7,0,1
BRDA:76,7,1,1
BRDA:76,8,0,2
BRDA:76,8,1,1
BRDA:82,9,0,8
BRDA:82,9,1,8
BRDA:84,10,0,1
BRDA:84,10,1,7
BRDA:92,11,0,1
BRDA:92,11,1,0
BRF:25
BRH:23
end_of_record
TN:
SF:controller/adminController.js
FN:8,(anonymous_0)
FN:73,(anonymous_1)
FN:83,(anonymous_2)
FNF:3
FNH:3
FNDA:4,(anonymous_0)
FNDA:2,(anonymous_1)
FNDA:2,(anonymous_2)
DA:8,3
DA:9,4
DA:10,4
DA:12,4
DA:13,4
DA:14,0
DA:19,4
DA:21,4
DA:22,4
DA:28,4
DA:29,4
DA:31,4
DA:32,0
DA:33,0
DA:34,4
DA:35,4
DA:36,4
DA:39,4
DA:40,0
DA:43,4
DA:45,4
DA:46,4
DA:49,0
DA:59,0
DA:68,0
DA:69,0
DA:73,3
DA:74,2
DA:75,2
DA:76,1
DA:78,1
DA:79,1
DA:83,3
DA:84,2
DA:85,2
DA:86,1
DA:88,1
DA:89,1
LF:38
LH:30
BRDA:13,0,0,0
BRDA:13,0,1,4
BRDA:31,1,0,0
BRDA:31,1,1,4
BRDA:31,2,0,4
BRDA:31,2,1,0
BRDA:34,3,0,4
BRDA:34,3,1,0
BRDA:39,4,0,0
BRDA:39,4,1,4
BRDA:45,5,0,4
BRDA:45,5,1,0
BRF:12
BRH:6
end_of_record
TN:
SF:controller/todoController.js
FN:5,(anonymous_0)
FN:28,(anonymous_1)
FN:46,(anonymous_2)
FN:93,(anonymous_3)
FN:126,(anonymous_4)
FNF:5
FNH:0
FNDA:0,(anonymous_0)
FNDA:0,(anonymous_1)
FNDA:0,(anonymous_2)
FNDA:0,(anonymous_3)
FNDA:0,(anonymous_4)
DA:5,3
DA:6,0
DA:7,0
DA:9,0
DA:10,0
DA:13,0
DA:18,0
DA:23,0
DA:24,0
DA:28,3
DA:29,0
DA:30,0
DA:31,0
DA:33,0
DA:34,0
DA:36,0
DA:41,0
DA:42,0
DA:46,3
DA:47,0
DA:48,0
DA:49,0
DA:51,0
DA:52,0
DA:53,0
DA:58,0
DA:59,0
DA:60,0
DA:63,0
DA:64,0
DA:69,0
DA:75,0
DA:76,0
DA:81,0
DA:86,0
DA:87,0
DA:93,3
DA:94,0
DA:95,0
DA:97,0
DA:99,0
DA:100,0
DA:104,0
DA:105,0
DA:110,0
DA:112,0
DA:113,0
DA:116,0
DA:121,0
DA:122,0
DA:126,3
DA:127,0
DA:130,0
DA:134,0
DA:135,0
DA:141,0
DA:146,0
DA:147,0
LF:58
LH:5
BRDA:9,0,0,0
BRDA:9,0,1,0
BRDA:33,1,0,0
BRDA:33,1,1,0
BRDA:52,2,0,0
BRDA:52,2,1,0
BRDA:59,3,0,0
BRDA:59,3,1,0
BRDA:63,4,0,0
BRDA:63,4,1,0
BRDA:75,5,0,0
BRDA:75,5,1,0
BRDA:99,6,0,0
BRDA:99,6,1,0
BRDA:104,7,0,0
BRDA:104,7,1,0
BRDA:112,8,0,0
BRDA:112,8,1,0
BRDA:134,9,0,0
BRDA:134,9,1,0
BRF:20
BRH:0
end_of_record
TN:
SF:controller/userController.js
FN:13,register
FN:51,login
FN:91,webHooks
FNF:3
FNH:3
FNDA:4,register
FNDA:7,login
FNDA:1,webHooks
DA:14,4
DA:15,4
DA:17,4
DA:18,4
DA:19,1
DA:24,3
DA:26,3
DA:28,2
DA:29,1
DA:34,1
DA:40,1
DA:44,1
DA:45,1
DA:52,7
DA:53,7
DA:55,7
DA:56,7
DA:57,4
DA:62,3
DA:63,2
DA:65,1
DA:67,1
DA:71,1
DA:72,1
DA:73,1
DA:80,0
DA:84,1
DA:85,1
DA:92,1
DA:93,1
DA:95,1
DA:96,1
DA:99,0
DA:105,0
DA:106,0
DA:108,0
DA:110,0
DA:111,0
DA:112,0
DA:115,0
DA:117,0
DA:118,0
DA:120,0
DA:121,0
LF:44
LH:31
BRDA:18,0,0,1
BRDA:18,0,1,3
BRDA:28,1,0,1
BRDA:28,1,1,1
BRDA:56,2,0,4
BRDA:56,2,1,3
BRDA:63,3,0,1
BRDA:63,3,1,1
BRDA:72,4,0,1
BRDA:72,4,1,0
BRDA:95,5,0,1
BRDA:95,5,1,0
BRDA:95,6,0,1
BRDA:95,6,1,0
BRDA:111,7,0,0
BRDA:111,7,1,0
BRF:16
BRH:11
end_of_record
TN:
SF:middlewares/adminAuth.js
FN:5,adminAuth
FNF:1
FNH:1
FNDA:4,adminAuth
DA:6,4
DA:8,4
DA:9,4
DA:12,0
DA:14,0
DA:15,0
DA:20,0
DA:22,0
DA:23,0
DA:24,0
DA:27,0
DA:28,0
DA:29,0
DA:30,0
DA:32,0
DA:33,0
DA:35,0
DA:42,0
DA:43,0
DA:45,0
DA:46,0
DA:51,0
DA:52,0
DA:54,0
DA:55,0
LF:25
LH:3
BRDA:6,0,0,4
BRDA:6,0,1,0
BRDA:14,1,0,0
BRDA:14,1,1,0
BRDA:14,2,0,0
BRDA:14,2,1,0
BRDA:28,3,0,0
BRDA:28,3,1,0
BRDA:30,4,0,0
BRDA:30,4,1,0
BRDA:43,5,0,0
BRDA:43,5,1,0
BRDA:45,6,0,0
BRDA:45,6,1,0
BRF:14
BRH:1
end_of_record
TN:
SF:middlewares/userAuth.js
FN:4,userAuth
FNF:1
FNH:0
FNDA:0,userAuth
DA:5,0
DA:6,0
DA:8,0
DA:9,0
DA:12,0
DA:14,0
DA:15,0
DA:16,0
DA:21,0
DA:24,0
DA:25,0
DA:27,0
DA:28,0
DA:33,0
DA:34,0
DA:35,0
DA:40,0
DA:41,0
DA:43,0
DA:44,0
DA:45,0
DA:50,0
DA:51,0
DA:53,0
DA:54,0
LF:25
LH:0
BRDA:6,0,0,0
BRDA:6,0,1,0
BRDA:14,1,0,0
BRDA:14,1,1,0
BRDA:14,2,0,0
BRDA:14,2,1,0
BRDA:33,3,0,0
BRDA:33,3,1,0
BRDA:43,4,0,0
BRDA:43,4,1,0
BRF:10
BRH:0
end_of_record
TN:
SF:models/admin.js
FNF:0
FNH:0
DA:3,3
DA:19,3
LF:2
LH:2
BRF:0
BRH:0
end_of_record
TN:
SF:models/todo.js
FNF:0
FNH:0
DA:3,3
DA:31,3
LF:2
LH:2
BRF:0
BRH:0
end_of_record
TN:
SF:models/user.js
FNF:0
FNH:0
DA:4,3
DA:21,3
LF:2
LH:2
BRF:0
BRH:0
end_of_record
TN:
SF:routes/adminRoutes.js
FNF:0
FNH:0
DA:5,3
DA:7,3
DA:8,3
DA:9,3
LF:4
LH:4
BRF:0
BRH:0
end_of_record
TN:
SF:routes/todoRoutes.js
FNF:0
FNH:0
DA:5,3
DA:8,3
DA:9,3
DA:10,3
DA:11,3
DA:12,3
LF:6
LH:6
BRF:0
BRH:0
end_of_record
TN:
SF:routes/userRoutes.js
FNF:0
FNH:0
DA:4,3
DA:7,3
DA:8,3
LF:3
LH:3
BRF:0
BRH:0
end_of_record
TN:
SF:routes/webhookRoute.js
FNF:0
FNH:0
DA:4,3
DA:6,3
LF:2
LH:2
BRF:0
BRH:0
end_of_record
TN:
SF:validators/userValid.js
FNF:0
FNH:0
DA:3,3
DA:26,3
DA:41,3
DA:54,3
LF:4
LH:4
BRF:0
BRH:0
end_of_record
