TN:
SF:index.js
FN:23,(anonymous_0)
FN:32,(anonymous_1)
FNF:2
FNH:0
FNDA:0,(anonymous_0)
FNDA:0,(anonymous_1)
DA:14,2
DA:16,2
DA:17,2
DA:18,2
DA:19,2
DA:20,2
DA:21,2
DA:23,2
DA:24,0
DA:27,2
DA:28,2
DA:29,2
DA:30,2
DA:32,2
DA:33,0
LF:15
LH:13
BRF:0
BRH:0
end_of_record
TN:
SF:Algorithms/algo.js
FN:1,sumOfDigits
FN:16,minCost
FN:32,luckyLetter
FN:53,isCountCorrect
FN:72,validCard
FN:90,(anonymous_5)
FNF:6
FNH:6
FNDA:3,sumOfDigits
FNDA:5,minCost
FNDA:3,luckyLetter
FNDA:5,isCountCorrect
FNDA:3,validCard
FNDA:15,(anonymous_5)
DA:2,3
DA:4,3
DA:6,3
DA:7,9
DA:8,9
DA:11,3
DA:17,5
DA:19,5
DA:20,10
DA:22,10
DA:23,3
DA:27,5
DA:33,3
DA:34,3
DA:35,1
DA:38,2
DA:54,5
DA:55,5
DA:57,5
DA:58,0
DA:60,5
DA:63,5
DA:64,2
DA:66,3
DA:73,3
DA:74,1
DA:76,2
DA:77,1
DA:79,1
DA:81,1
DA:82,16
DA:83,8
DA:84,8
DA:85,1
DA:90,15
DA:92,1
LF:36
LH:35
BRDA:22,0,0,3
BRDA:22,0,1,7
BRDA:22,1,0,10
BRDA:22,1,1,6
BRDA:34,2,0,1
BRDA:34,2,1,2
BRDA:57,3,0,0
BRDA:57,3,1,5
BRDA:63,4,0,2
BRDA:63,4,1,3
BRDA:63,5,0,5
BRDA:63,5,1,3
BRDA:63,5,2,2
BRDA:73,6,0,1
BRDA:73,6,1,2
BRDA:76,7,0,1
BRDA:76,7,1,1
BRDA:76,8,0,2
BRDA:76,8,1,1
BRDA:82,9,0,8
BRDA:82,9,1,8
BRDA:84,10,0,1
BRDA:84,10,1,7
BRDA:92,11,0,1
BRDA:92,11,1,0
BRF:25
BRH:23
end_of_record
TN:
SF:controller/adminController.js
FN:8,(anonymous_0)
FN:69,(anonymous_1)
FN:79,(anonymous_2)
FNF:3
FNH:0
FNDA:0,(anonymous_0)
FNDA:0,(anonymous_1)
FNDA:0,(anonymous_2)
DA:8,2
DA:9,0
DA:10,0
DA:12,0
DA:13,0
DA:14,0
DA:19,0
DA:21,0
DA:22,0
DA:24,0
DA:25,0
DA:27,0
DA:28,0
DA:30,0
DA:31,0
DA:32,0
DA:33,0
DA:34,0
DA:35,0
DA:38,0
DA:39,0
DA:42,0
DA:44,0
DA:45,0
DA:48,0
DA:58,0
DA:64,0
DA:65,0
DA:69,2
DA:70,0
DA:71,0
DA:72,0
DA:74,0
DA:75,0
DA:79,2
DA:80,0
DA:81,0
DA:82,0
DA:84,0
DA:85,0
LF:40
LH:3
BRDA:13,0,0,0
BRDA:13,0,1,0
BRDA:30,1,0,0
BRDA:30,1,1,0
BRDA:30,2,0,0
BRDA:30,2,1,0
BRDA:33,3,0,0
BRDA:33,3,1,0
BRDA:38,4,0,0
BRDA:38,4,1,0
BRDA:44,5,0,0
BRDA:44,5,1,0
BRF:12
BRH:0
end_of_record
TN:
SF:controller/todoController.js
FN:5,(anonymous_0)
FN:31,(anonymous_1)
FN:49,(anonymous_2)
FN:85,(anonymous_3)
FN:106,(anonymous_4)
FNF:5
FNH:0
FNDA:0,(anonymous_0)
FNDA:0,(anonymous_1)
FNDA:0,(anonymous_2)
FNDA:0,(anonymous_3)
FNDA:0,(anonymous_4)
DA:5,2
DA:6,0
DA:8,0
DA:10,0
DA:11,0
DA:15,0
DA:21,0
DA:26,0
DA:27,0
DA:31,2
DA:32,0
DA:33,0
DA:34,0
DA:36,0
DA:37,0
DA:39,0
DA:44,0
DA:45,0
DA:49,2
DA:50,0
DA:51,0
DA:52,0
DA:54,0
DA:55,0
DA:56,0
DA:61,0
DA:67,0
DA:68,0
DA:73,0
DA:78,0
DA:79,0
DA:85,2
DA:86,0
DA:87,0
DA:89,0
DA:91,0
DA:92,0
DA:95,0
DA:100,0
DA:101,0
DA:106,2
DA:107,0
DA:111,0
DA:118,0
DA:119,0
DA:125,0
DA:130,0
DA:131,0
LF:48
LH:5
BRDA:10,0,0,0
BRDA:10,0,1,0
BRDA:36,1,0,0
BRDA:36,1,1,0
BRDA:55,2,0,0
BRDA:55,2,1,0
BRDA:67,3,0,0
BRDA:67,3,1,0
BRDA:91,4,0,0
BRDA:91,4,1,0
BRDA:118,5,0,0
BRDA:118,5,1,0
BRF:12
BRH:0
end_of_record
TN:
SF:controller/userController.js
FN:13,register
FN:51,login
FN:91,webHooks
FNF:3
FNH:2
FNDA:4,register
FNDA:6,login
FNDA:0,webHooks
DA:14,4
DA:15,4
DA:17,4
DA:18,4
DA:19,1
DA:24,3
DA:26,3
DA:28,2
DA:29,1
DA:34,1
DA:40,1
DA:44,1
DA:45,1
DA:52,6
DA:53,6
DA:55,6
DA:56,6
DA:57,4
DA:62,2
DA:63,1
DA:65,0
DA:67,0
DA:71,0
DA:72,0
DA:73,0
DA:80,0
DA:84,1
DA:85,1
DA:92,0
DA:93,0
DA:95,0
DA:96,0
DA:99,0
DA:105,0
DA:106,0
DA:108,0
DA:110,0
DA:111,0
DA:112,0
DA:115,0
DA:117,0
DA:118,0
DA:120,0
DA:121,0
LF:44
LH:22
BRDA:18,0,0,1
BRDA:18,0,1,3
BRDA:28,1,0,1
BRDA:28,1,1,1
BRDA:56,2,0,4
BRDA:56,2,1,2
BRDA:63,3,0,1
BRDA:63,3,1,0
BRDA:72,4,0,0
BRDA:72,4,1,0
BRDA:95,5,0,0
BRDA:95,5,1,0
BRDA:95,6,0,0
BRDA:95,6,1,0
BRDA:111,7,0,0
BRDA:111,7,1,0
BRF:16
BRH:7
end_of_record
TN:
SF:middlewares/adminAuth.js
FN:5,adminAuth
FNF:1
FNH:0
FNDA:0,adminAuth
DA:6,0
DA:8,0
DA:9,0
DA:14,0
DA:16,0
DA:17,0
DA:19,0
DA:20,0
DA:25,0
DA:28,0
DA:30,0
DA:31,0
DA:36,0
DA:37,0
DA:39,0
DA:40,0
LF:16
LH:0
BRDA:8,0,0,0
BRDA:8,0,1,0
BRDA:8,1,0,0
BRDA:8,1,1,0
BRDA:19,2,0,0
BRDA:19,2,1,0
BRDA:28,3,0,0
BRDA:28,3,1,0
BRDA:30,4,0,0
BRDA:30,4,1,0
BRDA:30,5,0,0
BRDA:30,5,1,0
BRF:12
BRH:0
end_of_record
TN:
SF:middlewares/userAuth.js
FN:4,userAuth
FNF:1
FNH:0
FNDA:0,userAuth
DA:5,0
DA:6,0
DA:7,0
DA:8,0
DA:9,0
DA:12,0
DA:14,0
DA:15,0
DA:16,0
DA:21,0
DA:24,0
DA:25,0
DA:27,0
DA:28,0
DA:33,0
DA:34,0
DA:35,0
DA:40,0
DA:41,0
DA:43,0
DA:44,0
DA:45,0
DA:50,0
DA:51,0
DA:53,0
DA:54,0
LF:26
LH:0
BRDA:6,0,0,0
BRDA:6,0,1,0
BRDA:14,1,0,0
BRDA:14,1,1,0
BRDA:14,2,0,0
BRDA:14,2,1,0
BRDA:33,3,0,0
BRDA:33,3,1,0
BRDA:43,4,0,0
BRDA:43,4,1,0
BRF:10
BRH:0
end_of_record
TN:
SF:models/admin.js
FNF:0
FNH:0
DA:3,2
DA:19,2
LF:2
LH:2
BRF:0
BRH:0
end_of_record
TN:
SF:models/todo.js
FNF:0
FNH:0
DA:3,2
DA:31,2
LF:2
LH:2
BRF:0
BRH:0
end_of_record
TN:
SF:models/user.js
FNF:0
FNH:0
DA:4,2
DA:21,2
LF:2
LH:2
BRF:0
BRH:0
end_of_record
TN:
SF:routes/adminRoutes.js
FNF:0
FNH:0
DA:5,2
DA:7,2
DA:8,2
DA:9,2
LF:4
LH:4
BRF:0
BRH:0
end_of_record
TN:
SF:routes/todoRoutes.js
FNF:0
FNH:0
DA:5,2
DA:8,2
DA:9,2
DA:10,2
DA:11,2
DA:12,2
LF:6
LH:6
BRF:0
BRH:0
end_of_record
TN:
SF:routes/userRoutes.js
FNF:0
FNH:0
DA:4,2
DA:7,2
DA:8,2
LF:3
LH:3
BRF:0
BRH:0
end_of_record
TN:
SF:routes/webhookRoute.js
FNF:0
FNH:0
DA:4,2
DA:6,2
LF:2
LH:2
BRF:0
BRH:0
end_of_record
TN:
SF:validators/userValid.js
FNF:0
FNH:0
DA:3,2
DA:26,2
DA:41,2
DA:54,2
LF:4
LH:4
BRF:0
BRH:0
end_of_record
